
2021-08-27 13:35:52,203;DEBUG;log;/Users/javiercollado/PycharmProjects/log.py;[{"id":"log","purpose":"inform","msg":"change status","status":"started","IP":"10.58.1.157"}]
2021-08-27 13:35:52,209;DEBUG;log;/Users/javiercollado/PycharmProjects/log.py;[{"id":"log","purpose":"inform","msg":"change status","status":"stand-by","IP":"10.58.1.157"}]
2021-08-27 13:35:52,215;DEBUG;log;/Users/javiercollado/PycharmProjects/log.py;[{"id":"log","purpose":"inform","msg":"change status","status":"on","IP":"10.58.1.157"}]
2021-08-27 13:35:55,025;DEBUG;launcher;[{"id":"launcher","purpose":"inform","msg":"change status","status":"started","IP":"10.58.1.157"}]
2021-08-27 13:35:55,094;INFO;launcher;[{"id":"launcher","order_code":"O202106-01","steel_grade":"1","thickness_coils":0.4,"width_coils":950,"num_coils":10,"list_coils":"cO202106101,cO202106102,cO202106103,cO202106104","each_coil_price":0.1,"string_operations":"VA_08,VA_09","date":"2021-08-27","purpose":"setup","msg":"new order","list_ware":"K,K,K,K","to":"log","wait_time":800.0}]
2021-08-27 13:36:15,196;DEBUG;coil;[{"id":"coil_001","purpose":"inform","msg":"change status","status":"started","IP":"10.58.1.157"}]
2021-08-27 13:36:15,208;DEBUG;launcher;[{"id":"launcher","purpose":"inform","msg":"change status","status":"ended","IP":"10.58.1.157"}]
2021-08-27 13:36:15,220;DEBUG;browser;[{"id":"browser","purpose":"inform","msg":"change status","status":"started","IP":"10.58.1.157"}]
2021-08-27 13:36:15,229;DEBUG;browser;[{"id":"browser","purpose":"inform","msg":"change status","status":"stand-by","IP":"10.58.1.157"}]
2021-08-27 13:36:15,238;DEBUG;browser;[{"id":"browser","purpose":"inform","msg":"change status","status":"on","IP":"10.58.1.157"}]
2021-08-27 13:36:15,254;INFO;browser;[{"id":"browser","agent_type":"browser","location":"nan","purpose":"inform","request_type":"","time":1630071358441,"activation_time":1630071358097,"status":"on"}]
2021-08-27 13:36:15,272;INFO;coil;[{"id":"coil_001","agent_type":"coil","location":"K","From":"NWW4","Code":"cO202106101","purpose":"inform","request_type":"","time":1630071359274,"activation_time":1630071355960,"status":"stand-by"}]
2021-08-27 13:36:15,276;DEBUG;coil;[{"id":"coil_002","purpose":"inform","msg":"change status","status":"started","IP":"10.58.1.157"}]
2021-08-27 13:36:15,287;INFO;coil;[{"id":"coil_001","agent_type":"coil","location":"K","From":"NWW4","Code":"cO202106101","purpose":"inform","request_type":"","time":1630071362271,"activation_time":1630071355960,"status":"auction","to_do":"search_auction","plant":"VA"}]
2021-08-27 13:36:15,296;INFO;coil;[{"id":"coil_002","agent_type":"coil","location":"K","From":"NWW1","Code":"cO202106102","purpose":"inform","request_type":"","time":1630071364503,"activation_time":1630071361188,"status":"stand-by"}]
2021-08-27 13:36:15,301;DEBUG;coil;[{"id":"coil_003","purpose":"inform","msg":"change status","status":"started","IP":"10.58.1.157"}]
2021-08-27 13:36:15,311;INFO;coil;[{"id":"coil_002","agent_type":"coil","location":"K","From":"NWW1","Code":"cO202106102","purpose":"inform","request_type":"","time":1630071367500,"activation_time":1630071361188,"status":"auction","to_do":"search_auction","plant":"VA"}]
2021-08-27 13:36:15,320;INFO;coil;[{"id":"coil_003","agent_type":"coil","location":"K","From":"NWW3","Code":"cO202106103","purpose":"inform","request_type":"","time":1630071369235,"activation_time":1630071365923,"status":"stand-by"}]
2021-08-27 13:36:15,324;DEBUG;coil;[{"id":"coil_004","purpose":"inform","msg":"change status","status":"started","IP":"10.58.1.157"}]
2021-08-27 13:36:15,334;INFO;coil;[{"id":"coil_003","agent_type":"coil","location":"K","From":"NWW3","Code":"cO202106103","purpose":"inform","request_type":"","time":1630071372230,"activation_time":1630071365923,"status":"auction","to_do":"search_auction","plant":"VA"}]
2021-08-27 13:36:15,343;INFO;coil;[{"id":"coil_004","agent_type":"coil","location":"K","From":"NWW4","Code":"cO202106104","purpose":"inform","request_type":"","time":1630071374274,"activation_time":1630071370943,"status":"stand-by"}]
2021-08-27 13:36:17,300;INFO;coil;[{"id":"coil_004","agent_type":"coil","location":"K","From":"NWW4","Code":"cO202106104","purpose":"inform","request_type":"","time":1630071377270,"activation_time":1630071370943,"status":"auction","to_do":"search_auction","plant":"VA"}]
2021-08-27 13:36:20,146;DEBUG;va;[{"id":"va_08","purpose":"inform","msg":"change status","status":"started","IP":"10.58.1.157"}]
2021-08-27 13:36:23,150;INFO;va;[{"id":"va_08","agent_type":"va","purpose":"inform","request_type":"","time":1630071383125,"activation_time":"13:36:19.782800","status":"pre-auction"}]
2021-08-27 13:36:23,162;INFO;va;[{"id":"va_08","purpose":"request","request_type":"coils","msg":101.0,"to":"browser@apiict00.etsii.upm.es"}]
2021-08-27 13:36:23,239;INFO;browser;[{"id":"browser","purpose":"answer","msg":101.0,"coils":"['coil_001', 'coil_002', 'coil_003', 'coil_004']","location":"['K', 'K', 'K', 'K']","to":"va08@apiict00.etsii.upm.es"}]
2021-08-27 13:36:23,254;INFO;va;[{"id":"va_08","purpose":"inform","msg":"send pre-auction","number":1.0,"to":"['coil_001', 'coil_002', 'coil_003', 'coil_004']"}]
2021-08-27 13:36:23,319;INFO;coil;[{"id":"coil_001","agent_type":"coil","purpose":"inform","msg":"send bid","Bid":151.5318707113,"to":"va08@apiict00.etsii.upm.es"}]
2021-08-27 13:36:23,327;INFO;coil;[{"id":"coil_002","agent_type":"coil","purpose":"inform","msg":"send bid","Bid":154.9395149501,"to":"va08@apiict00.etsii.upm.es"}]
2021-08-27 13:36:23,334;INFO;coil;[{"id":"coil_003","agent_type":"coil","purpose":"inform","msg":"send bid","Bid":151.2924429302,"to":"va08@apiict00.etsii.upm.es"}]
2021-08-27 13:36:23,339;INFO;coil;[{"id":"coil_004","agent_type":"coil","purpose":"inform","msg":"send bid","Bid":148.177963466,"to":"va08@apiict00.etsii.upm.es"}]
2021-08-27 13:36:23,479;INFO;va;[{"id":"va_08","purpose":"inform","msg":"send auction","number":1.0,"to":"['coil_001', 'coil_002', 'coil_003', 'coil_004']"}]
2021-08-27 13:36:23,490;INFO;coil;[{"id":"coil_002","agent_type":"coil","purpose":"inform","msg":"send counterbid","counterbid":186.481854485,"to":"va08@apiict00.etsii.upm.es"}]
2021-08-27 13:36:23,497;INFO;coil;[{"id":"coil_001","agent_type":"coil","purpose":"inform","msg":"send counterbid","counterbid":185.4595612134,"to":"va08@apiict00.etsii.upm.es"}]
2021-08-27 13:36:23,505;INFO;coil;[{"id":"coil_004","agent_type":"coil","purpose":"inform","msg":"send counterbid","counterbid":184.4533890398,"to":"va08@apiict00.etsii.upm.es"}]
2021-08-27 13:36:23,510;INFO;coil;[{"id":"coil_003","agent_type":"coil","purpose":"inform","msg":"send counterbid","counterbid":185.3877328791,"to":"va08@apiict00.etsii.upm.es"}]
2021-08-27 13:36:23,613;INFO;va;[{"id":"va_08","purpose":"inform","msg":"send acceptance","number":1.0,"to":"c002@apiict00.etsii.upm.es"}]
2021-08-27 13:36:23,647;INFO;coil;[{"id":"coil_002","purpose":"inform","msg":"won auction in va08@apiict00.etsii.upm.es","time":1630071383624}]
2021-08-27 13:36:23,659;INFO;coil;[{"id":"coil_002","agent_type":"coil","location":"K","From":"NWW1","Code":"cO202106102","purpose":"inform","request_type":"","time":1630071383636,"activation_time":1630071361188,"status":"sleep"}]
2021-08-27 13:36:23,739;CRITICAL;va;[{"agent_type":null,"active_coils":["['coil_001', 'coil_002', 'coil_003', 'coil_004']"],"auction_coils":["['coil_001', 'coil_002', 'coil_003', 'coil_004']"],"fab_start":1630071413654,"coil_ratings":[[{"position":1,"agent_type":"coil","location":"K","id":"coil_002","coil_jid":"c002@apiict00.etsii.upm.es\/IxTJZ7bf","bid":154.9395149501,"counterbid":186.481854485,"minimum_price":57.0000197341,"profit":129.4818347509,"User_name_va":"va08@apiict00.etsii.upm.es\/PN0T0TfY","ancho":15.8970226966,"largo":16.8970226966,"espesor":17.8970226966,"budget_remaining":13.518145515,"ship_date":16.5880907862},{"position":2,"agent_type":"coil","location":"K","id":"coil_001","coil_jid":"c001@apiict00.etsii.upm.es\/fmc8NH8g","bid":151.5318707113,"counterbid":185.4595612134,"minimum_price":79.243592726,"profit":106.2159684874,"User_name_va":"va08@apiict00.etsii.upm.es\/PN0T0TfY","ancho":12.996266578,"largo":13.996266578,"espesor":14.996266578,"budget_remaining":14.5404387866,"ship_date":4.9850663121},{"position":3,"agent_type":"coil","location":"K","id":"coil_003","coil_jid":"c003@apiict00.etsii.upm.es\/spBIw_gb","bid":151.2924429302,"counterbid":185.3877328791,"minimum_price":88.7017443581,"profit":96.685988521,"User_name_va":"va08@apiict00.etsii.upm.es\/PN0T0TfY","ancho":13.7207550053,"largo":14.7207550053,"espesor":15.7207550053,"budget_remaining":14.6122671209,"ship_date":7.8830200212},{"position":4,"agent_type":"coil","location":"K","id":"coil_004","coil_jid":"c004@apiict00.etsii.upm.es\/mn6a8pu1","bid":148.177963466,"counterbid":184.4533890398,"minimum_price":122.9329580727,"profit":61.5204309671,"User_name_va":"va08@apiict00.etsii.upm.es\/PN0T0TfY","ancho":18.1361919129,"largo":19.1361919129,"espesor":20.1361919129,"budget_remaining":15.5466109602,"ship_date":25.5447676515}]],"pre_auction_duration":268,"auction_duration":262,"purpose":"inform","id_va":"va_08","accumulated_profit_va":129.4818347509,"profit_va_auction":129.4818347509,"id_winner_coil":"coil_002","coil_location_winner":"K","minimum_price":57.0000197341,"bid_winner_coil":154.9395149501,"counterbid_winner_coil":186.481854485,"budget_remaining_winner":13.518145515,"ship_date_winner":16.5880907862,"coil_ancho_winner":15.8970226966,"coil_largo_winner":16.8970226966,"coil_espesor_winner":17.8970226966,"pre_auction_start":1630071383118,"auction_start":1630071383386,"auction_finish":1630071383649,"fab_end":1630071463654,"time_wh":1630071493654,"number_preauction":1.0,"number_auction":1.0,"number_auction_completed":1.0}]
2021-08-27 13:36:23,746;INFO;va;[{"purpose":"inform","msg":" coil_002 will be at 2021-08-27 13:38:13.654889 in wh Terminado."}]
2021-08-27 13:36:23,770;INFO;va;[{"id":"va_08","purpose":"inform","msg":"finish auction number: 1."}]
2021-08-27 13:36:26,146;INFO;va;[{"id":"va_08","agent_type":"va","purpose":"inform","request_type":"","time":1630071386122,"activation_time":"13:36:19.782800","status":"stand_by"}]
2021-08-27 13:36:28,503;WARNING;coil;[{"purpose":"inform error","msg":"coil_001 did not receive any msg in the last 20s at auction at last auction level"}]
2021-08-27 13:36:28,510;WARNING;coil;[{"purpose":"inform error","msg":"coil_004 did not receive any msg in the last 20s at auction at last auction level"}]
2021-08-27 13:36:28,513;WARNING;coil;[{"purpose":"inform error","msg":"coil_003 did not receive any msg in the last 20s at auction at last auction level"}]
2021-08-27 13:36:33,518;WARNING;coil;[{"purpose":"inform error","msg":"coil_001 did not receive any msg in the last 20s at auction at last auction level"}]
2021-08-27 13:36:33,524;WARNING;coil;[{"purpose":"inform error","msg":"coil_003 did not receive any msg in the last 20s at auction at last auction level"}]
2021-08-27 13:36:33,530;WARNING;coil;[{"purpose":"inform error","msg":"coil_004 did not receive any msg in the last 20s at auction at last auction level"}]
2021-08-27 13:36:38,528;WARNING;coil;[{"purpose":"inform error","msg":"coil_001 did not receive any msg in the last 20s at auction at last auction level"}]
2021-08-27 13:36:38,539;WARNING;coil;[{"purpose":"inform error","msg":"coil_003 did not receive any msg in the last 20s at auction at last auction level"}]
2021-08-27 13:36:38,543;WARNING;coil;[{"purpose":"inform error","msg":"coil_004 did not receive any msg in the last 20s at auction at last auction level"}]
2021-08-27 13:36:39,256;INFO;coil;[{"id":"coil_003","agent_type":"coil","location":"K","From":"NWW3","Code":"cO202106103","purpose":"inform","request_type":"","time":1630071399226,"activation_time":1630071365923,"status":"auction","to_do":"search_auction","plant":"VA"}]
2021-08-27 13:36:41,299;INFO;coil;[{"id":"coil_004","agent_type":"coil","location":"K","From":"NWW4","Code":"cO202106104","purpose":"inform","request_type":"","time":1630071401270,"activation_time":1630071370943,"status":"auction","to_do":"search_auction","plant":"VA"}]
2021-08-27 13:36:41,309;INFO;coil;[{"id":"coil_001","agent_type":"coil","location":"K","From":"NWW4","Code":"cO202106101","purpose":"inform","request_type":"","time":1630071401270,"activation_time":1630071355960,"status":"auction","to_do":"search_auction","plant":"VA"}]
2021-08-27 13:36:43,669;WARNING;coil;[{"purpose":"inform error","msg":"coil_002 did not receive any msg in the last 20s at sleep at last auction level"}]
2021-08-27 13:37:16,554;WARNING;coil;[{"purpose":"inform error","msg":"coil_002 did not receive any msg in the last 20s at sleep"}]
2021-08-27 13:37:16,567;DEBUG;coil;[{"id":"coil_002","purpose":"inform","msg":"change status","status":"ended","IP":"10.58.1.157"}]
2021-08-27 13:37:29,151;INFO;va;[{"id":"va_08","agent_type":"va","purpose":"inform","request_type":"","time":1630071449123,"activation_time":"13:36:19.782800","status":"pre-auction"}]
2021-08-27 13:37:29,179;INFO;va;[{"id":"va_08","purpose":"request","request_type":"coils","msg":102.0,"to":"browser@apiict00.etsii.upm.es"}]
2021-08-27 13:37:29,250;INFO;browser;[{"id":"browser","purpose":"answer","msg":102.0,"coils":"['coil_003', 'coil_004', 'coil_001']","location":"['K', 'K', 'K']","to":"va08@apiict00.etsii.upm.es"}]
2021-08-27 13:37:29,272;INFO;va;[{"id":"va_08","purpose":"inform","msg":"send pre-auction","number":2.0,"to":"['coil_003', 'coil_004', 'coil_001']"}]
2021-08-27 13:37:29,324;INFO;coil;[{"id":"coil_003","agent_type":"coil","purpose":"inform","msg":"send bid","Bid":152.5379954909,"to":"va08@apiict00.etsii.upm.es"}]
2021-08-27 13:37:29,335;INFO;coil;[{"id":"coil_004","agent_type":"coil","purpose":"inform","msg":"send bid","Bid":150.2656650672,"to":"va08@apiict00.etsii.upm.es"}]
2021-08-27 13:37:29,341;INFO;coil;[{"id":"coil_001","agent_type":"coil","purpose":"inform","msg":"send bid","Bid":149.8029014019,"to":"va08@apiict00.etsii.upm.es"}]
2021-08-27 13:37:29,436;INFO;va;[{"id":"va_08","purpose":"inform","msg":"send auction","number":2.0,"to":"['coil_003', 'coil_004', 'coil_001']"}]
2021-08-27 13:37:29,454;INFO;coil;[{"id":"coil_001","agent_type":"coil","purpose":"inform","msg":"send counterbid","counterbid":184.9408704206,"to":"va08@apiict00.etsii.upm.es"}]
2021-08-27 13:37:29,464;INFO;coil;[{"id":"coil_004","agent_type":"coil","purpose":"inform","msg":"send counterbid","counterbid":185.0796995201,"to":"va08@apiict00.etsii.upm.es"}]
2021-08-27 13:37:29,471;INFO;coil;[{"id":"coil_003","agent_type":"coil","purpose":"inform","msg":"send counterbid","counterbid":185.7613986473,"to":"va08@apiict00.etsii.upm.es"}]
2021-08-27 13:37:29,583;INFO;va;[{"id":"va_08","purpose":"inform","msg":"send acceptance","number":2.0,"to":"c001@apiict00.etsii.upm.es"}]
2021-08-27 13:37:29,589;INFO;coil;[{"id":"coil_001","purpose":"inform","msg":"won auction in va08@apiict00.etsii.upm.es","time":1630071449562}]
2021-08-27 13:37:29,608;INFO;coil;[{"id":"coil_001","agent_type":"coil","location":"K","From":"NWW4","Code":"cO202106101","purpose":"inform","request_type":"","time":1630071449573,"activation_time":1630071355960,"status":"sleep"}]
2021-08-27 13:37:29,695;CRITICAL;va;[{"agent_type":null,"active_coils":["['coil_003', 'coil_004', 'coil_001']"],"auction_coils":["['coil_003', 'coil_004', 'coil_001']"],"fab_start":1630071463654,"coil_ratings":[[{"position":1,"agent_type":"coil","location":"K","id":"coil_001","coil_jid":"c001@apiict00.etsii.upm.es\/fmc8NH8g","bid":149.8029014019,"counterbid":184.9408704206,"minimum_price":79.243592726,"profit":105.6972776946,"User_name_va":"va08@apiict00.etsii.upm.es\/PN0T0TfY","ancho":12.996266578,"largo":13.996266578,"espesor":14.996266578,"budget_remaining":15.0591295794,"ship_date":4.9850663121},{"position":2,"agent_type":"coil","location":"K","id":"coil_003","coil_jid":"c003@apiict00.etsii.upm.es\/spBIw_gb","bid":152.5379954909,"counterbid":185.7613986473,"minimum_price":88.7017443581,"profit":97.0596542892,"User_name_va":"va08@apiict00.etsii.upm.es\/PN0T0TfY","ancho":13.7207550053,"largo":14.7207550053,"espesor":15.7207550053,"budget_remaining":14.2386013527,"ship_date":7.8830200212},{"position":3,"agent_type":"coil","location":"K","id":"coil_004","coil_jid":"c004@apiict00.etsii.upm.es\/mn6a8pu1","bid":150.2656650672,"counterbid":185.0796995201,"minimum_price":122.9329580727,"profit":62.1467414474,"User_name_va":"va08@apiict00.etsii.upm.es\/PN0T0TfY","ancho":18.1361919129,"largo":19.1361919129,"espesor":20.1361919129,"budget_remaining":14.9203004799,"ship_date":25.5447676515}]],"pre_auction_duration":257,"auction_duration":211,"purpose":"inform","id_va":"va_08","accumulated_profit_va":235.1791124454,"profit_va_auction":105.6972776946,"id_winner_coil":"coil_001","coil_location_winner":"K","minimum_price":79.243592726,"bid_winner_coil":149.8029014019,"counterbid_winner_coil":184.9408704206,"budget_remaining_winner":15.0591295794,"ship_date_winner":4.9850663121,"coil_ancho_winner":12.996266578,"coil_largo_winner":13.996266578,"coil_espesor_winner":14.996266578,"pre_auction_start":1630071449121,"auction_start":1630071449379,"auction_finish":1630071449591,"fab_end":1630071513654,"time_wh":1630071543654,"number_preauction":2.0,"number_auction":2.0,"number_auction_completed":2.0}]
2021-08-27 13:37:29,700;INFO;va;[{"purpose":"inform","msg":" coil_001 will be at 2021-08-27 13:39:03.654889 in wh Terminado."}]
2021-08-27 13:37:29,703;INFO;va;[{"id":"va_08","purpose":"inform","msg":"finish auction number: 2."}]
2021-08-27 13:37:32,151;INFO;va;[{"id":"va_08","agent_type":"va","purpose":"inform","request_type":"","time":1630071452118,"activation_time":"13:36:19.782800","status":"stand_by"}]
2021-08-27 13:37:34,483;WARNING;coil;[{"purpose":"inform error","msg":"coil_003 did not receive any msg in the last 20s at auction at last auction level"}]
2021-08-27 13:37:34,489;WARNING;coil;[{"purpose":"inform error","msg":"coil_004 did not receive any msg in the last 20s at auction at last auction level"}]
2021-08-27 13:37:39,514;WARNING;coil;[{"purpose":"inform error","msg":"coil_003 did not receive any msg in the last 20s at auction at last auction level"}]
2021-08-27 13:37:39,519;WARNING;coil;[{"purpose":"inform error","msg":"coil_004 did not receive any msg in the last 20s at auction at last auction level"}]
2021-08-27 13:37:44,547;WARNING;coil;[{"purpose":"inform error","msg":"coil_004 did not receive any msg in the last 20s at auction at last auction level"}]
2021-08-27 13:37:44,566;WARNING;coil;[{"purpose":"inform error","msg":"coil_003 did not receive any msg in the last 20s at auction at last auction level"}]
2021-08-27 13:37:45,281;INFO;coil;[{"id":"coil_003","agent_type":"coil","location":"K","From":"NWW3","Code":"cO202106103","purpose":"inform","request_type":"","time":1630071465232,"activation_time":1630071365923,"status":"auction","to_do":"search_auction","plant":"VA"}]
2021-08-27 13:37:47,317;INFO;coil;[{"id":"coil_004","agent_type":"coil","location":"K","From":"NWW4","Code":"cO202106104","purpose":"inform","request_type":"","time":1630071467271,"activation_time":1630071370943,"status":"auction","to_do":"search_auction","plant":"VA"}]
2021-08-27 13:37:49,605;WARNING;coil;[{"purpose":"inform error","msg":"coil_001 did not receive any msg in the last 20s at sleep at last auction level"}]
2021-08-27 13:38:17,147;INFO;va;[{"id":"va_08","agent_type":"va","purpose":"inform","request_type":"","time":1630071497123,"activation_time":"13:36:19.782800","status":"pre-auction"}]
2021-08-27 13:38:17,161;INFO;va;[{"id":"va_08","purpose":"request","request_type":"coils","msg":103.0,"to":"browser@apiict00.etsii.upm.es"}]
2021-08-27 13:38:17,271;INFO;browser;[{"id":"browser","purpose":"answer","msg":103.0,"coils":"['coil_003', 'coil_004']","location":"['K', 'K']","to":"va08@apiict00.etsii.upm.es"}]
2021-08-27 13:38:17,286;INFO;va;[{"id":"va_08","purpose":"inform","msg":"send pre-auction","number":3.0,"to":"['coil_003', 'coil_004']"}]
2021-08-27 13:38:17,319;INFO;coil;[{"id":"coil_003","agent_type":"coil","purpose":"inform","msg":"send bid","Bid":148.4705352319,"to":"va08@apiict00.etsii.upm.es"}]
2021-08-27 13:38:17,326;INFO;coil;[{"id":"coil_004","agent_type":"coil","purpose":"inform","msg":"send bid","Bid":151.6752622255,"to":"va08@apiict00.etsii.upm.es"}]
2021-08-27 13:38:17,391;INFO;va;[{"id":"va_08","purpose":"inform","msg":"send auction","number":3.0,"to":"['coil_003', 'coil_004']"}]
2021-08-27 13:38:17,414;INFO;coil;[{"id":"coil_003","agent_type":"coil","purpose":"inform","msg":"send counterbid","counterbid":184.5411605696,"to":"va08@apiict00.etsii.upm.es"}]
2021-08-27 13:38:17,420;INFO;coil;[{"id":"coil_004","agent_type":"coil","purpose":"inform","msg":"send counterbid","counterbid":185.5025786676,"to":"va08@apiict00.etsii.upm.es"}]
2021-08-27 13:38:17,492;INFO;va;[{"id":"va_08","purpose":"inform","msg":"send acceptance","number":3.0,"to":"c003@apiict00.etsii.upm.es"}]
2021-08-27 13:38:17,523;INFO;coil;[{"id":"coil_003","purpose":"inform","msg":"won auction in va08@apiict00.etsii.upm.es","time":1630071497497}]
2021-08-27 13:38:17,534;INFO;coil;[{"id":"coil_003","agent_type":"coil","location":"K","From":"NWW3","Code":"cO202106103","purpose":"inform","request_type":"","time":1630071497514,"activation_time":1630071365923,"status":"sleep"}]
2021-08-27 13:38:17,612;CRITICAL;va;[{"agent_type":null,"active_coils":["['coil_003', 'coil_004']"],"auction_coils":["['coil_003', 'coil_004']"],"fab_start":1630071513654,"coil_ratings":[[{"position":1,"agent_type":"coil","location":"K","id":"coil_003","coil_jid":"c003@apiict00.etsii.upm.es\/spBIw_gb","bid":148.4705352319,"counterbid":184.5411605696,"minimum_price":88.7017443581,"profit":95.8394162115,"User_name_va":"va08@apiict00.etsii.upm.es\/PN0T0TfY","ancho":13.7207550053,"largo":14.7207550053,"espesor":15.7207550053,"budget_remaining":15.4588394304,"ship_date":7.8830200212},{"position":2,"agent_type":"coil","location":"K","id":"coil_004","coil_jid":"c004@apiict00.etsii.upm.es\/mn6a8pu1","bid":151.6752622255,"counterbid":185.5025786676,"minimum_price":122.9329580727,"profit":62.5696205949,"User_name_va":"va08@apiict00.etsii.upm.es\/PN0T0TfY","ancho":18.1361919129,"largo":19.1361919129,"espesor":20.1361919129,"budget_remaining":14.4974213324,"ship_date":25.5447676515}]],"pre_auction_duration":225,"auction_duration":177,"purpose":"inform","id_va":"va_08","accumulated_profit_va":331.0185286569,"profit_va_auction":95.8394162115,"id_winner_coil":"coil_003","coil_location_winner":"K","minimum_price":88.7017443581,"bid_winner_coil":148.4705352319,"counterbid_winner_coil":184.5411605696,"budget_remaining_winner":15.4588394304,"ship_date_winner":7.8830200212,"coil_ancho_winner":13.7207550053,"coil_largo_winner":14.7207550053,"coil_espesor_winner":15.7207550053,"pre_auction_start":1630071497121,"auction_start":1630071497347,"auction_finish":1630071497524,"fab_end":1630071563654,"time_wh":1630071593654,"number_preauction":3.0,"number_auction":3.0,"number_auction_completed":3.0}]
2021-08-27 13:38:17,617;INFO;va;[{"purpose":"inform","msg":" coil_003 will be at 2021-08-27 13:39:53.654889 in wh Terminado."}]
2021-08-27 13:38:17,655;INFO;va;[{"id":"va_08","purpose":"inform","msg":"finish auction number: 3."}]
2021-08-27 13:38:20,150;INFO;va;[{"id":"va_08","agent_type":"va","purpose":"inform","request_type":"","time":1630071500122,"activation_time":"13:36:19.782800","status":"stand_by"}]
2021-08-27 13:38:20,297;WARNING;coil;[{"purpose":"inform error","msg":"coil_001 did not receive any msg in the last 20s at sleep"}]
2021-08-27 13:38:20,312;DEBUG;coil;[{"id":"coil_001","purpose":"inform","msg":"change status","status":"ended","IP":"10.58.1.157"}]
2021-08-27 13:38:22,429;WARNING;coil;[{"purpose":"inform error","msg":"coil_004 did not receive any msg in the last 20s at auction at last auction level"}]
2021-08-27 13:38:27,439;WARNING;coil;[{"purpose":"inform error","msg":"coil_004 did not receive any msg in the last 20s at auction at last auction level"}]
2021-08-27 13:38:32,449;WARNING;coil;[{"purpose":"inform error","msg":"coil_004 did not receive any msg in the last 20s at auction at last auction level"}]
2021-08-27 13:38:35,302;INFO;coil;[{"id":"coil_004","agent_type":"coil","location":"K","From":"NWW4","Code":"cO202106104","purpose":"inform","request_type":"","time":1630071515275,"activation_time":1630071370943,"status":"auction","to_do":"search_auction","plant":"VA"}]
2021-08-27 13:38:37,546;WARNING;coil;[{"purpose":"inform error","msg":"coil_003 did not receive any msg in the last 20s at sleep at last auction level"}]
2021-08-27 13:39:08,146;INFO;va;[{"id":"va_08","agent_type":"va","purpose":"inform","request_type":"","time":1630071548123,"activation_time":"13:36:19.782800","status":"pre-auction"}]
2021-08-27 13:39:08,160;INFO;va;[{"id":"va_08","purpose":"request","request_type":"coils","msg":104.0,"to":"browser@apiict00.etsii.upm.es"}]
2021-08-27 13:39:08,273;INFO;browser;[{"id":"browser","purpose":"answer","msg":104.0,"coils":"['coil_004']","location":"['K']","to":"va08@apiict00.etsii.upm.es"}]
2021-08-27 13:39:08,285;INFO;va;[{"id":"va_08","purpose":"inform","msg":"send pre-auction","number":4.0,"to":"['coil_004']"}]
2021-08-27 13:39:08,331;INFO;coil;[{"id":"coil_004","agent_type":"coil","purpose":"inform","msg":"send bid","Bid":149.3232772067,"to":"va08@apiict00.etsii.upm.es"}]
2021-08-27 13:39:08,384;INFO;va;[{"id":"va_08","purpose":"inform","msg":"send auction","number":4.0,"to":"['coil_004']"}]
2021-08-27 13:39:08,403;INFO;coil;[{"id":"coil_004","agent_type":"coil","purpose":"inform","msg":"send counterbid","counterbid":184.796983162,"to":"va08@apiict00.etsii.upm.es"}]
2021-08-27 13:39:08,446;INFO;va;[{"id":"va_08","purpose":"inform","msg":"send acceptance","number":4.0,"to":"c004@apiict00.etsii.upm.es"}]
2021-08-27 13:39:08,471;INFO;coil;[{"id":"coil_004","purpose":"inform","msg":"won auction in va08@apiict00.etsii.upm.es","time":1630071548451}]
2021-08-27 13:39:08,485;INFO;coil;[{"id":"coil_004","agent_type":"coil","location":"K","From":"NWW4","Code":"cO202106104","purpose":"inform","request_type":"","time":1630071548462,"activation_time":1630071370943,"status":"sleep"}]
2021-08-27 13:39:08,574;CRITICAL;va;[{"agent_type":null,"active_coils":["['coil_004']"],"auction_coils":["['coil_004']"],"fab_start":1630071563654,"coil_ratings":[[{"position":1,"agent_type":"coil","location":"K","id":"coil_004","coil_jid":"c004@apiict00.etsii.upm.es\/mn6a8pu1","bid":149.3232772067,"counterbid":184.796983162,"minimum_price":122.9329580727,"profit":61.8640250893,"User_name_va":"va08@apiict00.etsii.upm.es\/PN0T0TfY","ancho":18.1361919129,"largo":19.1361919129,"espesor":20.1361919129,"budget_remaining":15.203016838,"ship_date":25.5447676515}]],"pre_auction_duration":224,"auction_duration":139,"purpose":"inform","id_va":"va_08","accumulated_profit_va":392.8825537462,"profit_va_auction":61.8640250893,"id_winner_coil":"coil_004","coil_location_winner":"K","minimum_price":122.9329580727,"bid_winner_coil":149.3232772067,"counterbid_winner_coil":184.796983162,"budget_remaining_winner":15.203016838,"ship_date_winner":25.5447676515,"coil_ancho_winner":18.1361919129,"coil_largo_winner":19.1361919129,"coil_espesor_winner":20.1361919129,"pre_auction_start":1630071548121,"auction_start":1630071548345,"auction_finish":1630071548485,"fab_end":1630071613654,"time_wh":1630071643654,"number_preauction":4.0,"number_auction":4.0,"number_auction_completed":4.0}]
2021-08-27 13:39:08,579;INFO;va;[{"purpose":"inform","msg":" coil_004 will be at 2021-08-27 13:40:43.654889 in wh Terminado."}]
2021-08-27 13:39:08,612;INFO;va;[{"id":"va_08","purpose":"inform","msg":"finish auction number: 4."}]
2021-08-27 13:39:09,256;WARNING;coil;[{"purpose":"inform error","msg":"coil_003 did not receive any msg in the last 20s at sleep"}]
2021-08-27 13:39:09,272;DEBUG;coil;[{"id":"coil_003","purpose":"inform","msg":"change status","status":"ended","IP":"10.58.1.157"}]
2021-08-27 13:39:11,147;INFO;va;[{"id":"va_08","agent_type":"va","purpose":"inform","request_type":"","time":1630071551117,"activation_time":"13:36:19.782800","status":"stand_by"}]
2021-08-27 13:39:28,493;WARNING;coil;[{"purpose":"inform error","msg":"coil_004 did not receive any msg in the last 20s at sleep at last auction level"}]
2021-08-27 13:39:59,148;INFO;va;[{"id":"va_08","agent_type":"va","purpose":"inform","request_type":"","time":1630071599118,"activation_time":"13:36:19.782800","status":"pre-auction"}]
2021-08-27 13:39:59,166;INFO;va;[{"id":"va_08","purpose":"request","request_type":"coils","msg":105.0,"to":"browser@apiict00.etsii.upm.es"}]
2021-08-27 13:39:59,299;WARNING;coil;[{"purpose":"inform error","msg":"coil_004 did not receive any msg in the last 20s at sleep"}]
2021-08-27 13:39:59,316;DEBUG;coil;[{"id":"coil_004","purpose":"inform","msg":"change status","status":"ended","IP":"10.58.1.157"}]
2021-08-27 13:39:59,337;INFO;browser;[{"id":"browser","purpose":"answer","msg":105.0,"coils":"[]","location":"[]","to":"va08@apiict00.etsii.upm.es"}]
2021-08-27 13:40:19,181;INFO;va;[{"id":"va_08","agent_type":"va","purpose":"inform","request_type":"","time":1630071619158,"activation_time":"13:36:19.782800","status":"pre-auction"}]
