
2021-08-27 14:34:54,825;DEBUG;log;/Users/javiercollado/PycharmProjects/log.py;[{"id":"log","purpose":"inform","msg":"change status","status":"started","IP":"10.58.1.157"}]
2021-08-27 14:34:54,838;DEBUG;log;/Users/javiercollado/PycharmProjects/log.py;[{"id":"log","purpose":"inform","msg":"change status","status":"stand-by","IP":"10.58.1.157"}]
2021-08-27 14:34:54,844;DEBUG;log;/Users/javiercollado/PycharmProjects/log.py;[{"id":"log","purpose":"inform","msg":"change status","status":"on","IP":"10.58.1.157"}]
2021-08-27 14:34:58,060;DEBUG;launcher;[{"id":"launcher","purpose":"inform","msg":"change status","status":"started","IP":"10.58.1.157"}]
2021-08-27 14:34:58,107;INFO;launcher;[{"id":"launcher","order_code":"O202106-01","steel_grade":"1","thickness_coils":0.4,"width_coils":950,"num_coils":10,"list_coils":"cO202106101,cO202106102,cO202106103,cO202106104","each_coil_price":0.1,"string_operations":"VA_08,VA_09","date":"2021-08-27","purpose":"setup","msg":"new order","list_ware":"K,K,K,K","to":"log","wait_time":800.0}]
2021-08-27 14:35:18,217;DEBUG;coil;[{"id":"coil_002","purpose":"inform","msg":"change status","status":"started","IP":"10.58.1.157"}]
2021-08-27 14:35:18,226;DEBUG;launcher;[{"id":"launcher","purpose":"inform","msg":"change status","status":"ended","IP":"10.58.1.157"}]
2021-08-27 14:35:18,242;INFO;coil;[{"id":"coil_002","agent_type":"coil","location":"K","From":"NWW1","Code":"cO202106101","purpose":"inform","request_type":"","time":1630074902324,"activation_time":1630074899014,"status":"stand-by"}]
2021-08-27 14:35:18,246;DEBUG;browser;[{"id":"browser","purpose":"inform","msg":"change status","status":"started","IP":"10.58.1.157"}]
2021-08-27 14:35:18,254;DEBUG;browser;[{"id":"browser","purpose":"inform","msg":"change status","status":"stand-by","IP":"10.58.1.157"}]
2021-08-27 14:35:18,263;DEBUG;browser;[{"id":"browser","purpose":"inform","msg":"change status","status":"on","IP":"10.58.1.157"}]
2021-08-27 14:35:18,274;INFO;browser;[{"id":"browser","agent_type":"browser","location":"nan","purpose":"inform","request_type":"","time":1630074904178,"activation_time":1630074903754,"status":"on"}]
2021-08-27 14:35:18,286;DEBUG;coil;[{"id":"coil_003","purpose":"inform","msg":"change status","status":"started","IP":"10.58.1.157"}]
2021-08-27 14:35:18,296;INFO;coil;[{"id":"coil_002","agent_type":"coil","location":"K","From":"NWW1","Code":"cO202106101","purpose":"inform","request_type":"","time":1630074905323,"activation_time":1630074899014,"status":"auction","to_do":"search_auction","plant":"VA"}]
2021-08-27 14:35:18,306;INFO;coil;[{"id":"coil_003","agent_type":"coil","location":"K","From":"NWW3","Code":"cO202106102","purpose":"inform","request_type":"","time":1630074907683,"activation_time":1630074904241,"status":"stand-by"}]
2021-08-27 14:35:18,310;DEBUG;coil;[{"id":"coil_004","purpose":"inform","msg":"change status","status":"started","IP":"10.58.1.157"}]
2021-08-27 14:35:18,320;INFO;coil;[{"id":"coil_003","agent_type":"coil","location":"K","From":"NWW3","Code":"cO202106102","purpose":"inform","request_type":"","time":1630074910682,"activation_time":1630074904241,"status":"auction","to_do":"search_auction","plant":"VA"}]
2021-08-27 14:35:18,330;INFO;coil;[{"id":"coil_004","agent_type":"coil","location":"K","From":"NWW4","Code":"cO202106103","purpose":"inform","request_type":"","time":1630074912295,"activation_time":1630074908944,"status":"stand-by"}]
2021-08-27 14:35:18,334;DEBUG;coil;[{"id":"coil_005","purpose":"inform","msg":"change status","status":"started","IP":"10.58.1.157"}]
2021-08-27 14:35:18,364;INFO;coil;[{"id":"coil_004","agent_type":"coil","location":"K","From":"NWW4","Code":"cO202106103","purpose":"inform","request_type":"","time":1630074915293,"activation_time":1630074908944,"status":"auction","to_do":"search_auction","plant":"VA"}]
2021-08-27 14:35:18,378;INFO;coil;[{"id":"coil_005","agent_type":"coil","location":"K","From":"NWW1","Code":"cO202106104","purpose":"inform","request_type":"","time":1630074917328,"activation_time":1630074913951,"status":"stand-by"}]
2021-08-27 14:35:20,359;INFO;coil;[{"id":"coil_005","agent_type":"coil","location":"K","From":"NWW1","Code":"cO202106104","purpose":"inform","request_type":"","time":1630074920321,"activation_time":1630074913951,"status":"auction","to_do":"search_auction","plant":"VA"}]
2021-08-27 14:35:21,182;DEBUG;va;[{"id":"va_08","purpose":"inform","msg":"change status","status":"started","IP":"10.58.1.157"}]
2021-08-27 14:35:24,193;INFO;va;[{"id":"va_08","agent_type":"va","purpose":"inform","request_type":"","time":1630074924169,"activation_time":"14:35:20.813180","status":"pre-auction"}]
2021-08-27 14:35:24,206;INFO;va;[{"id":"va_08","purpose":"request","request_type":"coils","msg":101.0,"to":"browser@apiict00.etsii.upm.es"}]
2021-08-27 14:35:24,285;INFO;browser;[{"id":"browser","purpose":"answer","msg":101.0,"coils":"['coil_002', 'coil_003', 'coil_004', 'coil_005']","location":"['K', 'K', 'K', 'K']","to":"va08@apiict00.etsii.upm.es"}]
2021-08-27 14:35:24,299;INFO;va;[{"id":"va_08","purpose":"inform","msg":"send pre-auction","number":1.0,"to":"['coil_002', 'coil_003', 'coil_004', 'coil_005']"}]
2021-08-27 14:35:24,364;INFO;coil;[{"id":"coil_002","agent_type":"coil","purpose":"inform","msg":"send bid","Bid":186.3416997191,"to":"va08@apiict00.etsii.upm.es"}]
2021-08-27 14:35:24,372;INFO;coil;[{"id":"coil_003","agent_type":"coil","purpose":"inform","msg":"send bid","Bid":159.0894967547,"to":"va08@apiict00.etsii.upm.es"}]
2021-08-27 14:35:24,380;INFO;coil;[{"id":"coil_004","agent_type":"coil","purpose":"inform","msg":"send bid","Bid":155.21888321,"to":"va08@apiict00.etsii.upm.es"}]
2021-08-27 14:35:24,386;INFO;coil;[{"id":"coil_005","agent_type":"coil","purpose":"inform","msg":"send bid","Bid":154.4824024773,"to":"va08@apiict00.etsii.upm.es"}]
2021-08-27 14:35:24,512;INFO;va;[{"id":"va_08","purpose":"inform","msg":"send auction","number":1.0,"to":"['coil_002', 'coil_003', 'coil_004', 'coil_005']"}]
2021-08-27 14:35:24,538;INFO;coil;[{"id":"coil_003","agent_type":"coil","purpose":"inform","msg":"send counterbid","counterbid":187.7268490264,"to":"va08@apiict00.etsii.upm.es"}]
2021-08-27 14:35:24,548;INFO;coil;[{"id":"coil_002","agent_type":"coil","purpose":"inform","msg":"send counterbid","counterbid":195.9025099157,"to":"va08@apiict00.etsii.upm.es"}]
2021-08-27 14:35:24,559;INFO;coil;[{"id":"coil_005","agent_type":"coil","purpose":"inform","msg":"send counterbid","counterbid":186.3447207432,"to":"va08@apiict00.etsii.upm.es"}]
2021-08-27 14:35:24,567;INFO;coil;[{"id":"coil_004","agent_type":"coil","purpose":"inform","msg":"send counterbid","counterbid":186.565664963,"to":"va08@apiict00.etsii.upm.es"}]
2021-08-27 14:35:24,663;INFO;va;[{"id":"va_08","purpose":"inform","msg":"send acceptance","number":1.0,"to":"c005@apiict00.etsii.upm.es"}]
2021-08-27 14:35:24,695;INFO;coil;[{"id":"coil_005","purpose":"inform","msg":"won auction in va08@apiict00.etsii.upm.es","time":1630074924671}]
2021-08-27 14:35:24,711;INFO;coil;[{"id":"coil_005","agent_type":"coil","location":"K","From":"NWW1","Code":"cO202106104","purpose":"inform","request_type":"","time":1630074924684,"activation_time":1630074913951,"status":"sleep"}]
2021-08-27 14:35:24,798;CRITICAL;va;[{"agent_type":null,"active_coils":["['coil_002', 'coil_003', 'coil_004', 'coil_005']"],"auction_coils":["['coil_002', 'coil_003', 'coil_004', 'coil_005']"],"fab_start":1630074954706,"coil_ratings":[[{"position":1,"agent_type":"coil","location":"K","id":"coil_005","coil_jid":"c005@apiict00.etsii.upm.es\/3TKwPdbo","bid":154.4824024773,"counterbid":186.3447207432,"minimum_price":143.7738907965,"profit":42.5708299467,"User_name_va":"va08@apiict00.etsii.upm.es\/0_xTOT2a","ancho":17.4696520307,"largo":18.4696520307,"espesor":19.4696520307,"budget_remaining":13.6552792568,"ship_date":22.8786081228},{"position":2,"agent_type":"coil","location":"K","id":"coil_002","coil_jid":"c002@apiict00.etsii.upm.es\/2BnPDrQc","bid":186.3416997191,"counterbid":195.9025099157,"minimum_price":165.4120314798,"profit":30.4904784359,"User_name_va":"va08@apiict00.etsii.upm.es\/0_xTOT2a","ancho":20.0153156405,"largo":21.0153156405,"espesor":22.0153156405,"budget_remaining":4.0974900843,"ship_date":33.0612625619},{"position":3,"agent_type":"coil","location":"K","id":"coil_003","coil_jid":"c003@apiict00.etsii.upm.es\/kiKwVwOH","bid":159.0894967547,"counterbid":187.7268490264,"minimum_price":177.4957532239,"profit":10.2310958025,"User_name_va":"va08@apiict00.etsii.upm.es\/0_xTOT2a","ancho":15.5310476104,"largo":16.5310476104,"espesor":17.5310476104,"budget_remaining":12.2731509736,"ship_date":15.1241904417},{"position":4,"agent_type":"coil","location":"K","id":"coil_004","coil_jid":"c004@apiict00.etsii.upm.es\/SSTT5044","bid":155.21888321,"counterbid":186.565664963,"minimum_price":183.6538216995,"profit":2.9118432635,"User_name_va":"va08@apiict00.etsii.upm.es\/0_xTOT2a","ancho":16.6437615487,"largo":17.6437615487,"espesor":18.6437615487,"budget_remaining":13.434335037,"ship_date":19.5750461948}]],"pre_auction_duration":274,"auction_duration":264,"purpose":"inform","id_va":"va_08","accumulated_profit_va":42.5708299467,"profit_va_auction":42.5708299467,"id_winner_coil":"coil_005","coil_location_winner":"K","minimum_price":143.7738907965,"bid_winner_coil":154.4824024773,"counterbid_winner_coil":186.3447207432,"budget_remaining_winner":13.6552792568,"ship_date_winner":22.8786081228,"coil_ancho_winner":17.4696520307,"coil_largo_winner":18.4696520307,"coil_espesor_winner":19.4696520307,"pre_auction_start":1630074924161,"auction_start":1630074924436,"auction_finish":1630074924701,"fab_end":1630075004706,"time_wh":1630075034706,"number_preauction":1.0,"number_auction":1.0,"number_auction_completed":1.0}]
2021-08-27 14:35:24,804;INFO;va;[{"purpose":"inform","msg":" coil_005 will be at 2021-08-27 14:37:14.706516 in wh Terminado."}]
2021-08-27 14:35:24,833;INFO;va;[{"id":"va_08","purpose":"inform","msg":"finish auction number: 1."}]
2021-08-27 14:35:27,190;INFO;va;[{"id":"va_08","agent_type":"va","purpose":"inform","request_type":"","time":1630074927163,"activation_time":"14:35:20.813180","status":"stand_by"}]
2021-08-27 14:35:27,543;WARNING;coil;[{"purpose":"inform error","msg":"coil_003 did not receive any msg in the last 20s at auction at last auction level"}]
2021-08-27 14:35:27,549;WARNING;coil;[{"purpose":"inform error","msg":"coil_002 did not receive any msg in the last 20s at auction at last auction level"}]
2021-08-27 14:35:27,562;WARNING;coil;[{"purpose":"inform error","msg":"coil_004 did not receive any msg in the last 20s at auction at last auction level"}]
2021-08-27 14:35:30,559;WARNING;coil;[{"purpose":"inform error","msg":"coil_003 did not receive any msg in the last 20s at auction at last auction level"}]
2021-08-27 14:35:30,565;WARNING;coil;[{"purpose":"inform error","msg":"coil_002 did not receive any msg in the last 20s at auction at last auction level"}]
2021-08-27 14:35:30,572;WARNING;coil;[{"purpose":"inform error","msg":"coil_004 did not receive any msg in the last 20s at auction at last auction level"}]
2021-08-27 14:35:32,140;DEBUG;va;[{"id":"va_09","purpose":"inform","msg":"change status","status":"started","IP":"10.58.1.157"}]
2021-08-27 14:35:33,574;WARNING;coil;[{"purpose":"inform error","msg":"coil_002 did not receive any msg in the last 20s at auction at last auction level"}]
2021-08-27 14:35:33,580;WARNING;coil;[{"purpose":"inform error","msg":"coil_003 did not receive any msg in the last 20s at auction at last auction level"}]
2021-08-27 14:35:33,583;WARNING;coil;[{"purpose":"inform error","msg":"coil_004 did not receive any msg in the last 20s at auction at last auction level"}]
2021-08-27 14:35:34,708;INFO;coil;[{"id":"coil_003","agent_type":"coil","location":"K","From":"NWW3","Code":"cO202106102","purpose":"inform","request_type":"","time":1630074934679,"activation_time":1630074904241,"status":"auction","to_do":"search_auction","plant":"VA"}]
2021-08-27 14:35:35,148;INFO;va;[{"id":"va_09","agent_type":"va","purpose":"inform","request_type":"","time":1630074935123,"activation_time":"14:35:31.772743","status":"pre-auction"}]
2021-08-27 14:35:35,157;INFO;va;[{"id":"va_09","purpose":"request","request_type":"coils","msg":101.0,"to":"browser@apiict00.etsii.upm.es"}]
2021-08-27 14:35:35,242;INFO;browser;[{"id":"browser","purpose":"answer","msg":101.0,"coils":"['coil_002', 'coil_004', 'coil_003']","location":"['K', 'K', 'K']","to":"va09@apiict00.etsii.upm.es"}]
2021-08-27 14:35:35,257;INFO;va;[{"id":"va_09","purpose":"inform","msg":"send pre-auction","number":1.0,"to":"['coil_002', 'coil_004', 'coil_003']"}]
2021-08-27 14:35:35,305;INFO;coil;[{"id":"coil_003","agent_type":"coil","purpose":"inform","msg":"send bid","Bid":158.1560671885,"to":"va09@apiict00.etsii.upm.es"}]
2021-08-27 14:35:35,350;INFO;coil;[{"id":"coil_002","agent_type":"coil","location":"K","From":"NWW1","Code":"cO202106101","purpose":"inform","request_type":"","time":1630074935324,"activation_time":1630074899014,"status":"auction","to_do":"search_auction","plant":"VA"}]
2021-08-27 14:35:35,368;INFO;coil;[{"id":"coil_002","agent_type":"coil","purpose":"inform","msg":"send bid","Bid":184.7428910832,"to":"va09@apiict00.etsii.upm.es"}]
2021-08-27 14:35:36,323;INFO;coil;[{"id":"coil_004","agent_type":"coil","location":"K","From":"NWW4","Code":"cO202106103","purpose":"inform","request_type":"","time":1630074936297,"activation_time":1630074908944,"status":"auction","to_do":"search_auction","plant":"VA"}]
2021-08-27 14:35:36,344;INFO;coil;[{"id":"coil_004","agent_type":"coil","purpose":"inform","msg":"send bid","Bid":154.488307844,"to":"va09@apiict00.etsii.upm.es"}]
2021-08-27 14:35:36,406;INFO;va;[{"id":"va_09","purpose":"inform","msg":"send auction","number":1.0,"to":"['coil_003', 'coil_002', 'coil_004']"}]
2021-08-27 14:35:36,444;INFO;coil;[{"id":"coil_002","agent_type":"coil","purpose":"inform","msg":"send counterbid","counterbid":195.422867325,"to":"va09@apiict00.etsii.upm.es"}]
2021-08-27 14:35:36,452;INFO;coil;[{"id":"coil_004","agent_type":"coil","purpose":"inform","msg":"send counterbid","counterbid":186.3464923532,"to":"va09@apiict00.etsii.upm.es"}]
2021-08-27 14:35:36,457;INFO;coil;[{"id":"coil_003","agent_type":"coil","purpose":"inform","msg":"send counterbid","counterbid":187.4468201565,"to":"va09@apiict00.etsii.upm.es"}]
2021-08-27 14:35:36,539;INFO;va;[{"id":"va_09","purpose":"inform","msg":"send acceptance","number":1.0,"to":"c002@apiict00.etsii.upm.es"}]
2021-08-27 14:35:36,576;INFO;coil;[{"id":"coil_002","purpose":"inform","msg":"won auction in va09@apiict00.etsii.upm.es","time":1630074936549}]
2021-08-27 14:35:36,587;INFO;coil;[{"id":"coil_002","agent_type":"coil","location":"K","From":"NWW1","Code":"cO202106101","purpose":"inform","request_type":"","time":1630074936566,"activation_time":1630074899014,"status":"sleep"}]
2021-08-27 14:35:36,664;CRITICAL;va;[{"agent_type":null,"active_coils":["['coil_002', 'coil_004', 'coil_003']"],"auction_coils":["['coil_003', 'coil_002', 'coil_004']"],"fab_start":1630074966583,"coil_ratings":[[{"position":1,"agent_type":"coil","location":"K","id":"coil_002","coil_jid":"c002@apiict00.etsii.upm.es\/2BnPDrQc","bid":184.7428910832,"counterbid":195.422867325,"minimum_price":136.1700255178,"profit":59.2528418072,"User_name_va":"va09@apiict00.etsii.upm.es\/-1R7VjD8","ancho":20.0153156405,"largo":21.0153156405,"espesor":22.0153156405,"budget_remaining":4.577132675,"ship_date":33.0612625619},{"position":2,"agent_type":"coil","location":"K","id":"coil_003","coil_jid":"c003@apiict00.etsii.upm.es\/kiKwVwOH","bid":158.1560671885,"counterbid":187.4468201565,"minimum_price":148.2537472619,"profit":39.1930728946,"User_name_va":"va09@apiict00.etsii.upm.es\/-1R7VjD8","ancho":15.5310476104,"largo":16.5310476104,"espesor":17.5310476104,"budget_remaining":12.5531798435,"ship_date":15.1241904417},{"position":3,"agent_type":"coil","location":"K","id":"coil_004","coil_jid":"c004@apiict00.etsii.upm.es\/SSTT5044","bid":154.488307844,"counterbid":186.3464923532,"minimum_price":154.4118157375,"profit":31.9346766157,"User_name_va":"va09@apiict00.etsii.upm.es\/-1R7VjD8","ancho":16.6437615487,"largo":17.6437615487,"espesor":18.6437615487,"budget_remaining":13.6535076468,"ship_date":19.5750461948}]],"pre_auction_duration":1234,"auction_duration":227,"purpose":"inform","id_va":"va_09","accumulated_profit_va":59.2528418072,"profit_va_auction":59.2528418072,"id_winner_coil":"coil_002","coil_location_winner":"K","minimum_price":136.1700255178,"bid_winner_coil":184.7428910832,"counterbid_winner_coil":195.422867325,"budget_remaining_winner":4.577132675,"ship_date_winner":33.0612625619,"coil_ancho_winner":20.0153156405,"coil_largo_winner":21.0153156405,"coil_espesor_winner":22.0153156405,"pre_auction_start":1630074935116,"auction_start":1630074936350,"auction_finish":1630074936578,"fab_end":1630075016583,"time_wh":1630075046583,"number_preauction":1.0,"number_auction":1.0,"number_auction_completed":1.0}]
2021-08-27 14:35:36,669;INFO;va;[{"purpose":"inform","msg":" coil_002 will be at 2021-08-27 14:37:26.583264 in wh Terminado."}]
2021-08-27 14:35:36,701;INFO;va;[{"id":"va_09","purpose":"inform","msg":"finish auction number: 1."}]
2021-08-27 14:35:38,140;INFO;va;[{"id":"va_09","agent_type":"va","purpose":"inform","request_type":"","time":1630074938115,"activation_time":"14:35:31.772743","status":"stand_by"}]
2021-08-27 14:35:39,453;WARNING;coil;[{"purpose":"inform error","msg":"coil_004 did not receive any msg in the last 20s at auction at last auction level"}]
2021-08-27 14:35:39,459;WARNING;coil;[{"purpose":"inform error","msg":"coil_003 did not receive any msg in the last 20s at auction at last auction level"}]
2021-08-27 14:35:42,468;WARNING;coil;[{"purpose":"inform error","msg":"coil_004 did not receive any msg in the last 20s at auction at last auction level"}]
2021-08-27 14:35:42,474;WARNING;coil;[{"purpose":"inform error","msg":"coil_003 did not receive any msg in the last 20s at auction at last auction level"}]
2021-08-27 14:35:44,719;WARNING;coil;[{"purpose":"inform error","msg":"coil_005 did not receive any msg in the last 20s at sleep at last auction level"}]
2021-08-27 14:35:45,483;WARNING;coil;[{"purpose":"inform error","msg":"coil_004 did not receive any msg in the last 20s at auction at last auction level"}]
2021-08-27 14:35:45,489;WARNING;coil;[{"purpose":"inform error","msg":"coil_003 did not receive any msg in the last 20s at auction at last auction level"}]
2021-08-27 14:35:46,709;INFO;coil;[{"id":"coil_003","agent_type":"coil","location":"K","From":"NWW3","Code":"cO202106102","purpose":"inform","request_type":"","time":1630074946679,"activation_time":1630074904241,"status":"auction","to_do":"search_auction","plant":"VA"}]
2021-08-27 14:35:48,327;INFO;coil;[{"id":"coil_004","agent_type":"coil","location":"K","From":"NWW4","Code":"cO202106103","purpose":"inform","request_type":"","time":1630074948297,"activation_time":1630074908944,"status":"auction","to_do":"search_auction","plant":"VA"}]
2021-08-27 14:35:56,596;WARNING;coil;[{"purpose":"inform error","msg":"coil_002 did not receive any msg in the last 20s at sleep at last auction level"}]
2021-08-27 14:36:17,353;WARNING;coil;[{"purpose":"inform error","msg":"coil_005 did not receive any msg in the last 20s at sleep"}]
2021-08-27 14:36:17,369;DEBUG;coil;[{"id":"coil_005","purpose":"inform","msg":"change status","status":"ended","IP":"10.58.1.157"}]
2021-08-27 14:36:29,352;WARNING;coil;[{"purpose":"inform error","msg":"coil_002 did not receive any msg in the last 20s at sleep"}]
2021-08-27 14:36:29,368;DEBUG;coil;[{"id":"coil_002","purpose":"inform","msg":"change status","status":"ended","IP":"10.58.1.157"}]
2021-08-27 14:36:30,193;INFO;va;[{"id":"va_08","agent_type":"va","purpose":"inform","request_type":"","time":1630074990163,"activation_time":"14:35:20.813180","status":"pre-auction"}]
2021-08-27 14:36:30,201;INFO;va;[{"id":"va_08","purpose":"request","request_type":"coils","msg":102.0,"to":"browser@apiict00.etsii.upm.es"}]
2021-08-27 14:36:30,303;INFO;browser;[{"id":"browser","purpose":"answer","msg":102.0,"coils":"['coil_003', 'coil_004']","location":"['K', 'K']","to":"va08@apiict00.etsii.upm.es"}]
2021-08-27 14:36:30,317;INFO;va;[{"id":"va_08","purpose":"inform","msg":"send pre-auction","number":2.0,"to":"['coil_003', 'coil_004']"}]
2021-08-27 14:36:30,369;INFO;coil;[{"id":"coil_003","agent_type":"coil","purpose":"inform","msg":"send bid","Bid":162.5160238929,"to":"va08@apiict00.etsii.upm.es"}]
2021-08-27 14:36:30,376;INFO;coil;[{"id":"coil_004","agent_type":"coil","purpose":"inform","msg":"send bid","Bid":153.2666080436,"to":"va08@apiict00.etsii.upm.es"}]
2021-08-27 14:36:30,439;INFO;va;[{"id":"va_08","purpose":"inform","msg":"send auction","number":2.0,"to":"['coil_003', 'coil_004']"}]
2021-08-27 14:36:30,458;INFO;coil;[{"id":"coil_003","agent_type":"coil","purpose":"inform","msg":"send counterbid","counterbid":188.7548071679,"to":"va08@apiict00.etsii.upm.es"}]
2021-08-27 14:36:30,465;INFO;coil;[{"id":"coil_004","agent_type":"coil","purpose":"inform","msg":"send counterbid","counterbid":185.9799824131,"to":"va08@apiict00.etsii.upm.es"}]
2021-08-27 14:36:30,560;INFO;va;[{"id":"va_08","purpose":"inform","msg":"send acceptance","number":2.0,"to":"c003@apiict00.etsii.upm.es"}]
2021-08-27 14:36:30,565;INFO;coil;[{"id":"coil_003","purpose":"inform","msg":"won auction in va08@apiict00.etsii.upm.es","time":1630074990540}]
2021-08-27 14:36:30,576;INFO;coil;[{"id":"coil_003","agent_type":"coil","location":"K","From":"NWW3","Code":"cO202106102","purpose":"inform","request_type":"","time":1630074990553,"activation_time":1630074904241,"status":"sleep"}]
2021-08-27 14:36:30,653;CRITICAL;va;[{"agent_type":null,"active_coils":["['coil_003', 'coil_004']"],"auction_coils":["['coil_003', 'coil_004']"],"fab_start":1630075004706,"coil_ratings":[[{"position":1,"agent_type":"coil","location":"K","id":"coil_003","coil_jid":"c003@apiict00.etsii.upm.es\/kiKwVwOH","bid":162.5160238929,"counterbid":188.7548071679,"minimum_price":177.4957532239,"profit":11.259053944,"User_name_va":"va08@apiict00.etsii.upm.es\/0_xTOT2a","ancho":15.5310476104,"largo":16.5310476104,"espesor":17.5310476104,"budget_remaining":11.2451928321,"ship_date":15.1241904417},{"position":2,"agent_type":"coil","location":"K","id":"coil_004","coil_jid":"c004@apiict00.etsii.upm.es\/SSTT5044","bid":153.2666080436,"counterbid":185.9799824131,"minimum_price":183.6538216995,"profit":2.3261607136,"User_name_va":"va08@apiict00.etsii.upm.es\/0_xTOT2a","ancho":16.6437615487,"largo":17.6437615487,"espesor":18.6437615487,"budget_remaining":14.0200175869,"ship_date":19.5750461948}]],"pre_auction_duration":230,"auction_duration":175,"purpose":"inform","id_va":"va_08","accumulated_profit_va":53.8298838907,"profit_va_auction":11.259053944,"id_winner_coil":"coil_003","coil_location_winner":"K","minimum_price":177.4957532239,"bid_winner_coil":162.5160238929,"counterbid_winner_coil":188.7548071679,"budget_remaining_winner":11.2451928321,"ship_date_winner":15.1241904417,"coil_ancho_winner":15.5310476104,"coil_largo_winner":16.5310476104,"coil_espesor_winner":17.5310476104,"pre_auction_start":1630074990162,"auction_start":1630074990392,"auction_finish":1630074990568,"fab_end":1630075054706,"time_wh":1630075084706,"number_preauction":2.0,"number_auction":2.0,"number_auction_completed":2.0}]
2021-08-27 14:36:30,659;INFO;va;[{"purpose":"inform","msg":" coil_003 will be at 2021-08-27 14:38:04.706516 in wh Terminado."}]
2021-08-27 14:36:30,663;INFO;va;[{"id":"va_08","purpose":"inform","msg":"finish auction number: 2."}]
2021-08-27 14:36:33,190;INFO;va;[{"id":"va_08","agent_type":"va","purpose":"inform","request_type":"","time":1630074993162,"activation_time":"14:35:20.813180","status":"stand_by"}]
2021-08-27 14:36:33,489;WARNING;coil;[{"purpose":"inform error","msg":"coil_004 did not receive any msg in the last 20s at auction at last auction level"}]
2021-08-27 14:36:36,501;WARNING;coil;[{"purpose":"inform error","msg":"coil_004 did not receive any msg in the last 20s at auction at last auction level"}]
2021-08-27 14:36:39,512;WARNING;coil;[{"purpose":"inform error","msg":"coil_004 did not receive any msg in the last 20s at auction at last auction level"}]
2021-08-27 14:36:41,142;INFO;va;[{"id":"va_09","agent_type":"va","purpose":"inform","request_type":"","time":1630075001117,"activation_time":"14:35:31.772743","status":"pre-auction"}]
2021-08-27 14:36:41,156;INFO;va;[{"id":"va_09","purpose":"request","request_type":"coils","msg":102.0,"to":"browser@apiict00.etsii.upm.es"}]
2021-08-27 14:36:41,261;INFO;browser;[{"id":"browser","purpose":"answer","msg":102.0,"coils":"['coil_004']","location":"['K']","to":"va09@apiict00.etsii.upm.es"}]
2021-08-27 14:36:41,273;INFO;va;[{"id":"va_09","purpose":"inform","msg":"send pre-auction","number":2.0,"to":"['coil_004']"}]
2021-08-27 14:36:42,319;INFO;coil;[{"id":"coil_004","agent_type":"coil","location":"K","From":"NWW4","Code":"cO202106103","purpose":"inform","request_type":"","time":1630075002292,"activation_time":1630074908944,"status":"auction","to_do":"search_auction","plant":"VA"}]
2021-08-27 14:36:42,338;INFO;coil;[{"id":"coil_004","agent_type":"coil","purpose":"inform","msg":"send bid","Bid":153.4269472371,"to":"va09@apiict00.etsii.upm.es"}]
2021-08-27 14:36:42,379;INFO;va;[{"id":"va_09","purpose":"inform","msg":"send auction","number":2.0,"to":"['coil_004']"}]
2021-08-27 14:36:42,396;INFO;coil;[{"id":"coil_004","agent_type":"coil","purpose":"inform","msg":"send counterbid","counterbid":186.0280841711,"to":"va09@apiict00.etsii.upm.es"}]
2021-08-27 14:36:42,441;INFO;va;[{"id":"va_09","purpose":"inform","msg":"send acceptance","number":2.0,"to":"c004@apiict00.etsii.upm.es"}]
2021-08-27 14:36:42,469;INFO;coil;[{"id":"coil_004","purpose":"inform","msg":"won auction in va09@apiict00.etsii.upm.es","time":1630075002447}]
2021-08-27 14:36:42,480;INFO;coil;[{"id":"coil_004","agent_type":"coil","location":"K","From":"NWW4","Code":"cO202106103","purpose":"inform","request_type":"","time":1630075002458,"activation_time":1630074908944,"status":"sleep"}]
2021-08-27 14:36:42,537;CRITICAL;va;[{"agent_type":null,"active_coils":["['coil_004']"],"auction_coils":["['coil_004']"],"fab_start":1630075016583,"coil_ratings":[[{"position":1,"agent_type":"coil","location":"K","id":"coil_004","coil_jid":"c004@apiict00.etsii.upm.es\/SSTT5044","bid":153.4269472371,"counterbid":186.0280841711,"minimum_price":154.4118157375,"profit":31.6162684336,"User_name_va":"va09@apiict00.etsii.upm.es\/-1R7VjD8","ancho":16.6437615487,"largo":17.6437615487,"espesor":18.6437615487,"budget_remaining":13.9719158289,"ship_date":19.5750461948}]],"pre_auction_duration":1225,"auction_duration":129,"purpose":"inform","id_va":"va_09","accumulated_profit_va":90.8691102409,"profit_va_auction":31.6162684336,"id_winner_coil":"coil_004","coil_location_winner":"K","minimum_price":154.4118157375,"bid_winner_coil":153.4269472371,"counterbid_winner_coil":186.0280841711,"budget_remaining_winner":13.9719158289,"ship_date_winner":19.5750461948,"coil_ancho_winner":16.6437615487,"coil_largo_winner":17.6437615487,"coil_espesor_winner":18.6437615487,"pre_auction_start":1630075001116,"auction_start":1630075002341,"auction_finish":1630075002470,"fab_end":1630075066583,"time_wh":1630075096583,"number_preauction":2.0,"number_auction":2.0,"number_auction_completed":2.0}]
2021-08-27 14:36:42,542;INFO;va;[{"purpose":"inform","msg":" coil_004 will be at 2021-08-27 14:38:16.583264 in wh Terminado."}]
2021-08-27 14:36:42,578;INFO;va;[{"id":"va_09","purpose":"inform","msg":"finish auction number: 2."}]
2021-08-27 14:36:44,147;INFO;va;[{"id":"va_09","agent_type":"va","purpose":"inform","request_type":"","time":1630075004116,"activation_time":"14:35:31.772743","status":"stand_by"}]
2021-08-27 14:36:50,585;WARNING;coil;[{"purpose":"inform error","msg":"coil_003 did not receive any msg in the last 20s at sleep at last auction level"}]
2021-08-27 14:37:02,493;WARNING;coil;[{"purpose":"inform error","msg":"coil_004 did not receive any msg in the last 20s at sleep at last auction level"}]
2021-08-27 14:37:18,187;INFO;va;[{"id":"va_08","agent_type":"va","purpose":"inform","request_type":"","time":1630075038158,"activation_time":"14:35:20.813180","status":"pre-auction"}]
2021-08-27 14:37:18,210;INFO;va;[{"id":"va_08","purpose":"request","request_type":"coils","msg":103.0,"to":"browser@apiict00.etsii.upm.es"}]
2021-08-27 14:37:18,390;INFO;browser;[{"id":"browser","purpose":"answer","msg":103.0,"coils":"[]","location":"[]","to":"va08@apiict00.etsii.upm.es"}]
2021-08-27 14:37:22,705;WARNING;coil;[{"purpose":"inform error","msg":"coil_003 did not receive any msg in the last 20s at sleep"}]
2021-08-27 14:37:22,721;DEBUG;coil;[{"id":"coil_003","purpose":"inform","msg":"change status","status":"ended","IP":"10.58.1.157"}]
2021-08-27 14:37:32,142;INFO;va;[{"id":"va_09","agent_type":"va","purpose":"inform","request_type":"","time":1630075052114,"activation_time":"14:35:31.772743","status":"pre-auction"}]
2021-08-27 14:37:32,153;INFO;va;[{"id":"va_09","purpose":"request","request_type":"coils","msg":103.0,"to":"browser@apiict00.etsii.upm.es"}]
2021-08-27 14:37:32,280;INFO;browser;[{"id":"browser","purpose":"answer","msg":103.0,"coils":"[]","location":"[]","to":"va09@apiict00.etsii.upm.es"}]
2021-08-27 14:37:33,323;WARNING;coil;[{"purpose":"inform error","msg":"coil_004 did not receive any msg in the last 20s at sleep"}]
2021-08-27 14:37:33,340;DEBUG;coil;[{"id":"coil_004","purpose":"inform","msg":"change status","status":"ended","IP":"10.58.1.157"}]
2021-08-27 14:37:38,231;INFO;va;[{"id":"va_08","agent_type":"va","purpose":"inform","request_type":"","time":1630075058196,"activation_time":"14:35:20.813180","status":"pre-auction"}]
2021-08-27 14:37:42,184;INFO;va;[{"id":"va_08","agent_type":"va","purpose":"inform","request_type":"","time":1630075062157,"activation_time":"14:35:20.813180","status":"pre-auction"}]
2021-08-27 14:37:42,197;INFO;va;[{"id":"va_08","purpose":"request","request_type":"coils","msg":104.0,"to":"browser@apiict00.etsii.upm.es"}]
2021-08-27 14:37:42,326;INFO;browser;[{"id":"browser","purpose":"answer","msg":104.0,"coils":"[]","location":"[]","to":"va08@apiict00.etsii.upm.es"}]
2021-08-27 14:37:52,168;INFO;va;[{"id":"va_09","agent_type":"va","purpose":"inform","request_type":"","time":1630075072144,"activation_time":"14:35:31.772743","status":"pre-auction"}]
2021-08-27 14:37:56,143;INFO;va;[{"id":"va_09","agent_type":"va","purpose":"inform","request_type":"","time":1630075076118,"activation_time":"14:35:31.772743","status":"pre-auction"}]
2021-08-27 14:37:56,154;INFO;va;[{"id":"va_09","purpose":"request","request_type":"coils","msg":104.0,"to":"browser@apiict00.etsii.upm.es"}]
2021-08-27 14:37:56,289;INFO;browser;[{"id":"browser","purpose":"answer","msg":104.0,"coils":"[]","location":"[]","to":"va09@apiict00.etsii.upm.es"}]
2021-08-27 14:38:02,215;INFO;va;[{"id":"va_08","agent_type":"va","purpose":"inform","request_type":"","time":1630075082192,"activation_time":"14:35:20.813180","status":"pre-auction"}]
2021-08-27 14:38:06,184;INFO;va;[{"id":"va_08","agent_type":"va","purpose":"inform","request_type":"","time":1630075086159,"activation_time":"14:35:20.813180","status":"pre-auction"}]
2021-08-27 14:38:06,194;INFO;va;[{"id":"va_08","purpose":"request","request_type":"coils","msg":105.0,"to":"browser@apiict00.etsii.upm.es"}]
2021-08-27 14:38:06,347;INFO;browser;[{"id":"browser","purpose":"answer","msg":105.0,"coils":"[]","location":"[]","to":"va08@apiict00.etsii.upm.es"}]
